2023.12.13 17:09:22 INFO  es[][o.e.n.Node] version[8.11.0], pid[136], build[tar/d9ec3fa628c7b0ba3d25692e277ba26814820b20/2023-11-04T10:04:57.184859352Z], OS[Linux/5.15.133.1-microsoft-standard-WSL2/amd64], JVM[Eclipse Adoptium/OpenJDK 64-Bit Server VM/17.0.9/17.0.9+9]
2023.12.13 17:09:22 INFO  es[][o.e.n.Node] JVM home [/opt/java/openjdk], using bundled JDK [false]
2023.12.13 17:09:22 INFO  es[][o.e.n.Node] JVM arguments [-Des.networkaddress.cache.ttl=60, -Des.networkaddress.cache.negative.ttl=10, -Djava.security.manager=allow, -XX:+AlwaysPreTouch, -Xss1m, -Djava.awt.headless=true, -Dfile.encoding=UTF-8, -Djna.nosys=true, -XX:-OmitStackTraceInFastThrow, -Dio.netty.noUnsafe=true, -Dio.netty.noKeySetOptimization=true, -Dio.netty.recycler.maxCapacityPerThread=0, -Dlog4j.shutdownHookEnabled=false, -Dlog4j2.disable.jmx=true, -Dlog4j2.formatMsgNoLookups=true, -Djava.locale.providers=SPI,COMPAT, --add-opens=java.base/java.io=org.elasticsearch.preallocate, -XX:+UseG1GC, -Djava.io.tmpdir=/opt/sonarqube/temp, -XX:ErrorFile=/opt/sonarqube/logs/es_hs_err_pid%p.log, -Xlog:disable, -Des.networkaddress.cache.ttl=60, -Des.networkaddress.cache.negative.ttl=10, -XX:+AlwaysPreTouch, -Xss1m, -Djava.awt.headless=true, -Dfile.encoding=UTF-8, -Djna.nosys=true, -Djna.tmpdir=/opt/sonarqube/temp, -XX:-OmitStackTraceInFastThrow, -Dio.netty.noUnsafe=true, -Dio.netty.noKeySetOptimization=true, -Dio.netty.recycler.maxCapacityPerThread=0, -Dio.netty.allocator.numDirectArenas=0, -Dlog4j.shutdownHookEnabled=false, -Dlog4j2.disable.jmx=true, -Dlog4j2.formatMsgNoLookups=true, -Djava.locale.providers=COMPAT, -Dcom.redhat.fips=false, -Des.enforce.bootstrap.checks=true, -Xmx512m, -Xms512m, -XX:MaxDirectMemorySize=256m, -XX:+HeapDumpOnOutOfMemoryError, -XX:G1HeapRegionSize=4m, -XX:InitiatingHeapOccupancyPercent=30, -XX:G1ReservePercent=15, -Des.distribution.type=tar, --module-path=/opt/sonarqube/elasticsearch/lib, --add-modules=jdk.net, --add-modules=ALL-MODULE-PATH, -Djdk.module.main=org.elasticsearch.server]
2023.12.13 17:09:24 INFO  es[][o.e.p.PluginsService] loaded module [parent-join]
2023.12.13 17:09:24 INFO  es[][o.e.p.PluginsService] loaded module [lang-painless]
2023.12.13 17:09:24 INFO  es[][o.e.p.PluginsService] loaded module [x-pack-core]
2023.12.13 17:09:24 INFO  es[][o.e.p.PluginsService] loaded module [old-lucene-versions]
2023.12.13 17:09:24 INFO  es[][o.e.p.PluginsService] loaded module [rest-root]
2023.12.13 17:09:24 INFO  es[][o.e.p.PluginsService] loaded module [reindex]
2023.12.13 17:09:24 INFO  es[][o.e.p.PluginsService] loaded module [x-pack-redact]
2023.12.13 17:09:24 INFO  es[][o.e.p.PluginsService] loaded module [analysis-common]
2023.12.13 17:09:24 INFO  es[][o.e.p.PluginsService] loaded module [x-pack-security]
2023.12.13 17:09:24 INFO  es[][o.e.p.PluginsService] loaded module [transport-netty4]
2023.12.13 17:09:24 INFO  es[][o.e.p.PluginsService] loaded module [aggregations]
2023.12.13 17:09:24 INFO  es[][o.e.p.PluginsService] loaded module [apm]
2023.12.13 17:09:30 INFO  es[][o.e.e.NodeEnvironment] using [1] data paths, mounts [[/opt/sonarqube/data (drvfs)]], net usable_space [91.5gb], net total_space [476.1gb], types [9p]
2023.12.13 17:09:30 INFO  es[][o.e.e.NodeEnvironment] heap size [512mb], compressed ordinary object pointers [true]
2023.12.13 17:09:30 INFO  es[][o.e.n.Node] node name [sonarqube], node ID [dyJKOjrFSGyTGl1wHhljgw], cluster name [sonarqube], roles [ingest, data_frozen, ml, data_hot, transform, data_content, data_warm, master, remote_cluster_client, data, data_cold]
2023.12.13 17:09:33 INFO  es[][o.e.x.s.Security] Security is disabled
2023.12.13 17:09:33 INFO  es[][o.e.t.n.NettyAllocator] creating NettyAllocator with the following configs: [name=unpooled, suggested_max_allocation_size=1mb, factors={es.unsafe.use_unpooled_allocator=null, g1gc_enabled=true, g1gc_region_size=4mb, heap_size=512mb}]
2023.12.13 17:09:33 INFO  es[][o.e.i.r.RecoverySettings] using rate limit [40mb] with [default=40mb, read=0b, write=0b, max=0b]
2023.12.13 17:09:33 INFO  es[][o.e.d.DiscoveryModule] using discovery type [single-node] and seed hosts providers [settings]
2023.12.13 17:09:35 INFO  es[][o.e.n.Node] initialized
2023.12.13 17:09:35 INFO  es[][o.e.n.Node] starting ...
2023.12.13 17:09:36 INFO  es[][o.e.t.TransportService] publish_address {127.0.0.1:43721}, bound_addresses {127.0.0.1:43721}
2023.12.13 17:09:37 INFO  es[][o.e.b.BootstrapChecks] explicitly enforcing bootstrap checks
2023.12.13 17:09:37 ERROR es[][o.e.b.Elasticsearch] node validation exception
[1] bootstrap checks failed. You must address the points described in the following [1] lines before starting Elasticsearch. For more information see [https://www.elastic.co/guide/en/elasticsearch/reference/8.11/bootstrap-checks.html]
bootstrap check failure [1] of [1]: max virtual memory areas vm.max_map_count [65530] is too low, increase to at least [262144]; for more information see [https://www.elastic.co/guide/en/elasticsearch/reference/8.11/_maximum_map_count_check.html]
2023.12.13 17:09:37 WARN  es[][o.e.n.Node] unexpected exception while waiting for http server to close
java.util.concurrent.ExecutionException: java.lang.IllegalStateException: Can't move to stopped state when not started
	at java.util.concurrent.FutureTask.report(Unknown Source) ~[?:?]
	at java.util.concurrent.FutureTask.get(Unknown Source) ~[?:?]
	at org.elasticsearch.node.Node.prepareForClose(Node.java:1776) ~[elasticsearch-8.11.0.jar:?]
	at org.elasticsearch.bootstrap.Elasticsearch.shutdown(Elasticsearch.java:468) ~[elasticsearch-8.11.0.jar:?]
	at java.lang.Thread.run(Unknown Source) ~[?:?]
Caused by: java.lang.IllegalStateException: Can't move to stopped state when not started
	at org.elasticsearch.common.component.Lifecycle.canMoveToStopped(Lifecycle.java:128) ~[elasticsearch-8.11.0.jar:?]
	at org.elasticsearch.common.component.AbstractLifecycleComponent.stop(AbstractLifecycleComponent.java:73) ~[elasticsearch-8.11.0.jar:?]
	at org.elasticsearch.node.Node.lambda$prepareForClose$59(Node.java:1768) ~[elasticsearch-8.11.0.jar:?]
	at java.util.concurrent.FutureTask.run(Unknown Source) ~[?:?]
	... 1 more
2023.12.13 17:09:37 INFO  es[][o.e.n.Node] stopping ...
2023.12.13 17:09:37 INFO  es[][o.e.n.Node] stopped
2023.12.13 17:09:37 INFO  es[][o.e.n.Node] closing ...
2023.12.13 17:09:37 INFO  es[][o.e.n.Node] closed
2023.12.13 17:29:05 INFO  es[][o.e.n.Node] version[8.11.0], pid[149], build[tar/d9ec3fa628c7b0ba3d25692e277ba26814820b20/2023-11-04T10:04:57.184859352Z], OS[Linux/5.15.133.1-microsoft-standard-WSL2/amd64], JVM[Eclipse Adoptium/OpenJDK 64-Bit Server VM/17.0.9/17.0.9+9]
2023.12.13 17:29:05 INFO  es[][o.e.n.Node] JVM home [/opt/java/openjdk], using bundled JDK [false]
2023.12.13 17:29:05 INFO  es[][o.e.n.Node] JVM arguments [-Des.networkaddress.cache.ttl=60, -Des.networkaddress.cache.negative.ttl=10, -Djava.security.manager=allow, -XX:+AlwaysPreTouch, -Xss1m, -Djava.awt.headless=true, -Dfile.encoding=UTF-8, -Djna.nosys=true, -XX:-OmitStackTraceInFastThrow, -Dio.netty.noUnsafe=true, -Dio.netty.noKeySetOptimization=true, -Dio.netty.recycler.maxCapacityPerThread=0, -Dlog4j.shutdownHookEnabled=false, -Dlog4j2.disable.jmx=true, -Dlog4j2.formatMsgNoLookups=true, -Djava.locale.providers=SPI,COMPAT, --add-opens=java.base/java.io=org.elasticsearch.preallocate, -XX:+UseG1GC, -Djava.io.tmpdir=/opt/sonarqube/temp, -XX:ErrorFile=/opt/sonarqube/logs/es_hs_err_pid%p.log, -Xlog:disable, -Des.networkaddress.cache.ttl=60, -Des.networkaddress.cache.negative.ttl=10, -XX:+AlwaysPreTouch, -Xss1m, -Djava.awt.headless=true, -Dfile.encoding=UTF-8, -Djna.nosys=true, -Djna.tmpdir=/opt/sonarqube/temp, -XX:-OmitStackTraceInFastThrow, -Dio.netty.noUnsafe=true, -Dio.netty.noKeySetOptimization=true, -Dio.netty.recycler.maxCapacityPerThread=0, -Dio.netty.allocator.numDirectArenas=0, -Dlog4j.shutdownHookEnabled=false, -Dlog4j2.disable.jmx=true, -Dlog4j2.formatMsgNoLookups=true, -Djava.locale.providers=COMPAT, -Dcom.redhat.fips=false, -Des.enforce.bootstrap.checks=true, -Xmx512m, -Xms512m, -XX:MaxDirectMemorySize=256m, -XX:+HeapDumpOnOutOfMemoryError, -XX:G1HeapRegionSize=4m, -XX:InitiatingHeapOccupancyPercent=30, -XX:G1ReservePercent=15, -Des.distribution.type=tar, --module-path=/opt/sonarqube/elasticsearch/lib, --add-modules=jdk.net, --add-modules=ALL-MODULE-PATH, -Djdk.module.main=org.elasticsearch.server]
2023.12.13 17:29:08 INFO  es[][o.e.p.PluginsService] loaded module [parent-join]
2023.12.13 17:29:08 INFO  es[][o.e.p.PluginsService] loaded module [lang-painless]
2023.12.13 17:29:08 INFO  es[][o.e.p.PluginsService] loaded module [x-pack-core]
2023.12.13 17:29:08 INFO  es[][o.e.p.PluginsService] loaded module [old-lucene-versions]
2023.12.13 17:29:08 INFO  es[][o.e.p.PluginsService] loaded module [rest-root]
2023.12.13 17:29:08 INFO  es[][o.e.p.PluginsService] loaded module [reindex]
2023.12.13 17:29:08 INFO  es[][o.e.p.PluginsService] loaded module [x-pack-redact]
2023.12.13 17:29:08 INFO  es[][o.e.p.PluginsService] loaded module [analysis-common]
2023.12.13 17:29:08 INFO  es[][o.e.p.PluginsService] loaded module [x-pack-security]
2023.12.13 17:29:08 INFO  es[][o.e.p.PluginsService] loaded module [transport-netty4]
2023.12.13 17:29:08 INFO  es[][o.e.p.PluginsService] loaded module [aggregations]
2023.12.13 17:29:08 INFO  es[][o.e.p.PluginsService] loaded module [apm]
2023.12.13 17:29:13 INFO  es[][o.e.e.NodeEnvironment] using [1] data paths, mounts [[/opt/sonarqube/data (drvfs)]], net usable_space [93.6gb], net total_space [476.1gb], types [9p]
2023.12.13 17:29:13 INFO  es[][o.e.e.NodeEnvironment] heap size [512mb], compressed ordinary object pointers [true]
2023.12.13 17:29:13 INFO  es[][o.e.n.Node] node name [sonarqube], node ID [dyJKOjrFSGyTGl1wHhljgw], cluster name [sonarqube], roles [data_cold, data, remote_cluster_client, master, data_warm, data_content, transform, data_hot, ml, data_frozen, ingest]
2023.12.13 17:29:16 INFO  es[][o.e.x.s.Security] Security is disabled
2023.12.13 17:29:16 INFO  es[][o.e.t.n.NettyAllocator] creating NettyAllocator with the following configs: [name=unpooled, suggested_max_allocation_size=1mb, factors={es.unsafe.use_unpooled_allocator=null, g1gc_enabled=true, g1gc_region_size=4mb, heap_size=512mb}]
2023.12.13 17:29:16 INFO  es[][o.e.i.r.RecoverySettings] using rate limit [40mb] with [default=40mb, read=0b, write=0b, max=0b]
2023.12.13 17:29:16 INFO  es[][o.e.d.DiscoveryModule] using discovery type [single-node] and seed hosts providers [settings]
2023.12.13 17:29:17 INFO  es[][o.e.n.Node] initialized
2023.12.13 17:29:17 INFO  es[][o.e.n.Node] starting ...
2023.12.13 17:29:18 INFO  es[][o.e.t.TransportService] publish_address {127.0.0.1:36135}, bound_addresses {127.0.0.1:36135}
2023.12.13 17:29:18 INFO  es[][o.e.b.BootstrapChecks] explicitly enforcing bootstrap checks
2023.12.13 17:29:18 ERROR es[][o.e.b.Elasticsearch] node validation exception
[1] bootstrap checks failed. You must address the points described in the following [1] lines before starting Elasticsearch. For more information see [https://www.elastic.co/guide/en/elasticsearch/reference/8.11/bootstrap-checks.html]
bootstrap check failure [1] of [1]: max virtual memory areas vm.max_map_count [65530] is too low, increase to at least [262144]; for more information see [https://www.elastic.co/guide/en/elasticsearch/reference/8.11/_maximum_map_count_check.html]
2023.12.13 17:29:18 WARN  es[][o.e.n.Node] unexpected exception while waiting for http server to close
java.util.concurrent.ExecutionException: java.lang.IllegalStateException: Can't move to stopped state when not started
	at java.util.concurrent.FutureTask.report(Unknown Source) ~[?:?]
	at java.util.concurrent.FutureTask.get(Unknown Source) ~[?:?]
	at org.elasticsearch.node.Node.prepareForClose(Node.java:1776) ~[elasticsearch-8.11.0.jar:?]
	at org.elasticsearch.bootstrap.Elasticsearch.shutdown(Elasticsearch.java:468) ~[elasticsearch-8.11.0.jar:?]
	at java.lang.Thread.run(Unknown Source) ~[?:?]
Caused by: java.lang.IllegalStateException: Can't move to stopped state when not started
	at org.elasticsearch.common.component.Lifecycle.canMoveToStopped(Lifecycle.java:128) ~[elasticsearch-8.11.0.jar:?]
	at org.elasticsearch.common.component.AbstractLifecycleComponent.stop(AbstractLifecycleComponent.java:73) ~[elasticsearch-8.11.0.jar:?]
	at org.elasticsearch.node.Node.lambda$prepareForClose$59(Node.java:1768) ~[elasticsearch-8.11.0.jar:?]
	at java.util.concurrent.FutureTask.run(Unknown Source) ~[?:?]
	... 1 more
2023.12.13 17:29:18 INFO  es[][o.e.n.Node] stopping ...
2023.12.13 17:29:18 INFO  es[][o.e.n.Node] stopped
2023.12.13 17:29:18 INFO  es[][o.e.n.Node] closing ...
2023.12.13 17:29:18 INFO  es[][o.e.n.Node] closed
